<?xml version="1.0" encoding="UTF-8"?>
<!-- Generated by org.testng.reporters.JUnitReportReporter -->
<testsuite hostname="BSRPN" failures="0" tests="4" name="DataDrivenTest.DatadrivenTest" time="0.026" errors="0" timestamp="2025-08-23T20:18:14 IST" skipped="0">
  <testcase classname="DataDrivenTest.DatadrivenTest" name="fillFormWithDB" time="0.004"/>
  <testcase classname="DataDrivenTest.DatadrivenTest" name="fillFormWithExcel" time="0.001"/>
  <testcase classname="DataDrivenTest.DatadrivenTest" name="fillFormWithDB" time="0.019"/>
  <testcase classname="DataDrivenTest.DatadrivenTest" name="fillFormWithExcel" time="0.002"/>
</testsuite> <!-- DataDrivenTest.DatadrivenTest -->
