<?xml version="1.0" encoding="UTF-8"?>
<!-- Generated by org.testng.reporters.JUnitReportReporter -->
<testsuite hostname="Pavan" failures="0" tests="1" name="Test.DatePickerTest" time="29.174" errors="0" timestamp="2025-08-21T16:55:19 IST" skipped="0">
  <testcase classname="Test.DatePickerTest" name="testDatePicker" time="29.174"/>
</testsuite> <!-- Test.DatePickerTest -->
