<?xml version="1.0" encoding="UTF-8"?>
<!-- Generated by org.testng.reporters.JUnitReportReporter -->
<testsuite hostname="Pavan" failures="0" tests="1" name="Test.FramesTest" time="5.625" errors="0" timestamp="2025-08-21T16:58:30 IST" skipped="0">
  <testcase classname="Test.FramesTest" name="testFramesText" time="5.625"/>
</testsuite> <!-- Test.FramesTest -->
