<?xml version="1.0" encoding="UTF-8"?>
<!-- Generated by org.testng.reporters.JUnitReportReporter -->
<testsuite hostname="Pavan" failures="0" tests="2" name="Test.AlertsTest" time="0.335" errors="0" timestamp="2025-08-21T16:54:13 IST" skipped="0">
  <testcase classname="Test.AlertsTest" name="testSimpleAlert" time="0.143"/>
  <testcase classname="Test.AlertsTest" name="testConfirmAlert" time="0.192"/>
</testsuite> <!-- Test.AlertsTest -->
