<?xml version="1.0" encoding="UTF-8"?>
<!-- Generated by org.testng.reporters.JUnitReportReporter -->
<testsuite hostname="Pavan" failures="0" tests="1" name="Test.FormsTest" time="3.102" errors="0" timestamp="2025-08-21T16:56:07 IST" skipped="0">
  <testcase classname="Test.FormsTest" name="fillFormAndSubmit" time="3.102"/>
</testsuite> <!-- Test.FormsTest -->
