<?xml version="1.0" encoding="UTF-8"?>
<!-- Generated by org.testng.reporters.JUnitReportReporter -->
<testsuite hostname="varshi" failures="0" tests="1" name="tests.DemoQATest" time="11.805" errors="0" timestamp="2025-08-23T22:21:11 IST" skipped="0">
  <testcase classname="tests.DemoQATest" name="fillDemoQAForm" time="11.805"/>
</testsuite> <!-- tests.DemoQATest -->
