<?xml version="1.0" encoding="UTF-8"?>
<!-- Generated by org.testng.reporters.JUnitReportReporter -->
<testsuite hostname="SUPREME" failures="0" tests="1" name="Task_Member2.DatePickerTest" time="23.223" errors="0" timestamp="2025-08-21T09:19:54 IST" skipped="0">
  <testcase classname="Task_Member2.DatePickerTest" name="testDatePicker" time="23.223"/>
</testsuite> <!-- Task_Member2.DatePickerTest -->
