<?xml version="1.0" encoding="UTF-8"?>
<!-- Generated by org.testng.reporters.JUnitReportReporter -->
<testsuite hostname="SUPREME" failures="0" tests="1" name="Task_Member2.FormsTest" time="12.969" errors="0" timestamp="2025-08-21T09:08:19 IST" skipped="0">
  <testcase classname="Task_Member2.FormsTest" name="fillFormAndSubmit" time="12.969"/>
</testsuite> <!-- Task_Member2.FormsTest -->
