<?xml version="1.0" encoding="UTF-8"?>
<!-- Generated by org.testng.reporters.JUnitReportReporter -->
<testsuite hostname="SUPREME" failures="0" tests="1" name="Task_Member2.WindowsTest" time="11.636" errors="0" timestamp="2025-08-21T09:09:23 IST" skipped="0">
  <testcase classname="Task_Member2.WindowsTest" name="testNewTabAndWindow" time="11.636"/>
</testsuite> <!-- Task_Member2.WindowsTest -->
