<?xml version="1.0" encoding="UTF-8"?>
<!-- Generated by org.testng.reporters.JUnitReportReporter -->
<testsuite hostname="SUPREME" failures="0" tests="2" name="Task_Member2.AlertsTest" time="0.331" errors="0" timestamp="2025-08-20T21:14:59 IST" skipped="0">
  <testcase classname="Task_Member2.AlertsTest" name="testConfirmAlert" time="0.206"/>
  <testcase classname="Task_Member2.AlertsTest" name="testSimpleAlert" time="0.125"/>
</testsuite> <!-- Task_Member2.AlertsTest -->
