<?xml version="1.0" encoding="UTF-8"?>
<!-- Generated by org.testng.reporters.JUnitReportReporter -->
<testsuite hostname="GAGAN" failures="0" tests="1" name="com.framework.test.SmokeTest" time="9.304" errors="0" timestamp="2025-08-25T09:52:19 IST" skipped="0">
  <testcase classname="com.framework.test.SmokeTest" name="openDemoQA" time="9.304"/>
</testsuite> <!-- com.framework.test.SmokeTest -->
